#
# There is insufficient memory for the Java Runtime Environment to continue.
# Native memory allocation (malloc) failed to allocate 619216 bytes. Error detail: Chunk::new
# Possible reasons:
#   The system is out of physical RAM or swap space
#   This process is running with CompressedOops enabled, and the Java Heap may be blocking the growth of the native heap
# Possible solutions:
#   Reduce memory load on the system
#   Increase physical memory or swap space
#   Check if swap backing store is full
#   Decrease Java heap size (-Xmx/-Xms)
#   JVM is running with Unscaled Compressed Oops mode in which the Java heap is
#     placed in the first 4GB address space. The Java Heap base address is the
#     maximum limit for the native heap growth. Please use -XX:HeapBaseMinAddress
#     to set the Java Heap base and to place the Java Heap above 4GB virtual address.
# This output file may be truncated or incomplete.
#
#  Out of Memory Error (arena.cpp:168), pid=16272, tid=4432
#
# JRE version: OpenJDK Runtime Environment (21.0.3) (build 21.0.3+-12282718-b509.11)
# Java VM: OpenJDK 64-Bit Server VM (21.0.3+-12282718-b509.11, mixed mode, tiered, compressed oops, compressed class ptrs, g1 gc, windows-amd64)
# No core dump will be written. Minidumps are not enabled by default on client versions of Windows
#

---------------  S U M M A R Y ------------

Command Line: --add-opens=java.base/java.util=ALL-UNNAMED --add-opens=java.base/java.lang=ALL-UNNAMED --add-opens=java.base/java.lang.invoke=ALL-UNNAMED --add-opens=java.prefs/java.util.prefs=ALL-UNNAMED --add-exports=jdk.compiler/com.sun.tools.javac.api=ALL-UNNAMED --add-exports=jdk.compiler/com.sun.tools.javac.util=ALL-UNNAMED --add-opens=java.base/java.nio.charset=ALL-UNNAMED --add-opens=java.base/java.net=ALL-UNNAMED --add-opens=java.base/java.util.concurrent.atomic=ALL-UNNAMED -Xmx2048m -Dfile.encoding=UTF-8 -Duser.country=IN -Duser.language=en -Duser.variant -javaagent:C:\Users\hp\.gradle\wrapper\dists\gradle-8.9-bin\90cnw93cvbtalezasaz0blq0a\gradle-8.9\lib\agents\gradle-instrumentation-agent-8.9.jar org.gradle.launcher.daemon.bootstrap.GradleDaemon 8.9

Host: AMD Ryzen 5 4500U with Radeon Graphics         , 6 cores, 15G,  Windows 10 , 64 bit Build 19041 (10.0.19041.662)
Time: Wed Oct 30 19:54:54 2024 India Standard Time elapsed time: 92.029342 seconds (0d 0h 1m 32s)

---------------  T H R E A D  ---------------

Current thread (0x000002410a82cae0):  JavaThread "C2 CompilerThread1" daemon [_thread_in_native, id=4432, stack(0x000000d024400000,0x000000d024500000) (1024K)]


Current CompileTask:
C2:  92032 12140       4       com.sun.org.apache.xerces.internal.impl.XMLNSDocumentScannerImpl::scanStartElement (1031 bytes)

Stack: [0x000000d024400000,0x000000d024500000]
Native frames: (J=compiled Java code, j=interpreted, Vv=VM code, C=native code)
V  [jvm.dll+0x6cafb9]
V  [jvm.dll+0x858523]
V  [jvm.dll+0x85aa7e]
V  [jvm.dll+0x85b163]
V  [jvm.dll+0x27d356]
V  [jvm.dll+0xbf93d]
V  [jvm.dll+0xbfe73]
V  [jvm.dll+0x3b1cb1]
V  [jvm.dll+0x37e787]
V  [jvm.dll+0x37dbfa]
V  [jvm.dll+0x246b02]
V  [jvm.dll+0x2460d1]
V  [jvm.dll+0x1c5804]
V  [jvm.dll+0x25575c]
V  [jvm.dll+0x253c36]
V  [jvm.dll+0x3ec996]
V  [jvm.dll+0x800d78]
V  [jvm.dll+0x6c98cd]
C  [ucrtbase.dll+0x214c2]
C  [KERNEL32.DLL+0x17034]
C  [ntdll.dll+0x4d0d1]


---------------  P R O C E S S  ---------------

Threads class SMR info:
_java_thread_list=0x00000241097580f0, length=67, elements={
0x000002416b9a2e90, 0x000002417ee7c850, 0x000002417ee7f580, 0x000002417ee897e0,
0x000002417ee8a240, 0x000002417ee8aca0, 0x000002417ee8b700, 0x000002417ee9ce00,
0x000002417ee9d4b0, 0x000002417efbee20, 0x000002417f32f720, 0x000002410928c630,
0x00000241093a2730, 0x000002417f682f90, 0x00000241084d13c0, 0x000002410886f860,
0x0000024108231e30, 0x0000024108656260, 0x00000241086568f0, 0x00000241086589c0,
0x0000024108656f80, 0x0000024108657610, 0x00000241086596e0, 0x0000024108659050,
0x0000024108658330, 0x000002410a7a3e90, 0x000002410a7a79a0, 0x000002410a7a7310,
0x000002410a7a4520, 0x000002410a7a4bb0, 0x000002410a7a3800, 0x000002410a7a5240,
0x000002410a7a93e0, 0x000002410a7aa100, 0x000002410a7a65f0, 0x000002410a7a58d0,
0x000002410a7a6c80, 0x000002410a7a86c0, 0x000002410a7a8d50, 0x000002410c5da420,
0x000002410c5d9d90, 0x000002410c5db7d0, 0x000002410c5daab0, 0x000002410c5db140,
0x000002410c5dbe60, 0x000002410c5d9700, 0x000002410c5dc4f0, 0x000002410c5d9070,
0x000002410b9a7210, 0x000002410b9a78a0, 0x000002410b9aa690, 0x000002410b9a8c50,
0x000002410b9ab3b0, 0x000002410b9aba40, 0x000002410b9ac0d0, 0x000002410b9ac760,
0x000002410b9a57d0, 0x000002410b9a64f0, 0x000002410b6be4e0, 0x000002410b6bbd80,
0x000002410b6bcaa0, 0x000002410b52d6f0, 0x000002410b529550, 0x000002410b52eaa0,
0x000002410b52c340, 0x000002410b52f130, 0x000002410a82cae0
}

Java Threads: ( => current thread )
  0x000002416b9a2e90 JavaThread "main"                              [_thread_blocked, id=16548, stack(0x000000d01f500000,0x000000d01f600000) (1024K)]
  0x000002417ee7c850 JavaThread "Reference Handler"          daemon [_thread_blocked, id=2360, stack(0x000000d01fd00000,0x000000d01fe00000) (1024K)]
  0x000002417ee7f580 JavaThread "Finalizer"                  daemon [_thread_blocked, id=7212, stack(0x000000d01fe00000,0x000000d01ff00000) (1024K)]
  0x000002417ee897e0 JavaThread "Signal Dispatcher"          daemon [_thread_blocked, id=6224, stack(0x000000d01ff00000,0x000000d020000000) (1024K)]
  0x000002417ee8a240 JavaThread "Attach Listener"            daemon [_thread_blocked, id=8260, stack(0x000000d020000000,0x000000d020100000) (1024K)]
  0x000002417ee8aca0 JavaThread "Service Thread"             daemon [_thread_blocked, id=17352, stack(0x000000d020100000,0x000000d020200000) (1024K)]
  0x000002417ee8b700 JavaThread "Monitor Deflation Thread"   daemon [_thread_blocked, id=7656, stack(0x000000d020200000,0x000000d020300000) (1024K)]
  0x000002417ee9ce00 JavaThread "C2 CompilerThread0"         daemon [_thread_in_native, id=11848, stack(0x000000d020300000,0x000000d020400000) (1024K)]
  0x000002417ee9d4b0 JavaThread "C1 CompilerThread0"         daemon [_thread_blocked, id=8588, stack(0x000000d020400000,0x000000d020500000) (1024K)]
  0x000002417efbee20 JavaThread "Common-Cleaner"             daemon [_thread_blocked, id=1864, stack(0x000000d020500000,0x000000d020600000) (1024K)]
  0x000002417f32f720 JavaThread "Notification Thread"        daemon [_thread_blocked, id=11088, stack(0x000000d020600000,0x000000d020700000) (1024K)]
  0x000002410928c630 JavaThread "Daemon health stats"               [_thread_blocked, id=9152, stack(0x000000d020d00000,0x000000d020e00000) (1024K)]
  0x00000241093a2730 JavaThread "Incoming local TCP Connector on port 51140"        [_thread_in_native, id=4876, stack(0x000000d020c00000,0x000000d020d00000) (1024K)]
  0x000002417f682f90 JavaThread "Daemon periodic checks"            [_thread_blocked, id=9268, stack(0x000000d020e00000,0x000000d020f00000) (1024K)]
  0x00000241084d13c0 JavaThread "Daemon"                            [_thread_blocked, id=15736, stack(0x000000d020f00000,0x000000d021000000) (1024K)]
  0x000002410886f860 JavaThread "Handler for socket connection from /127.0.0.1:51140 to /127.0.0.1:51141"        [_thread_in_native, id=8960, stack(0x000000d021000000,0x000000d021100000) (1024K)]
  0x0000024108231e30 JavaThread "Cancel handler"                    [_thread_blocked, id=3872, stack(0x000000d021100000,0x000000d021200000) (1024K)]
  0x0000024108656260 JavaThread "Daemon worker"                     [_thread_blocked, id=13240, stack(0x000000d021200000,0x000000d021300000) (1024K)]
  0x00000241086568f0 JavaThread "Asynchronous log dispatcher for DefaultDaemonConnection: socket connection from /127.0.0.1:51140 to /127.0.0.1:51141"        [_thread_blocked, id=9600, stack(0x000000d021300000,0x000000d021400000) (1024K)]
  0x00000241086589c0 JavaThread "Stdin handler"                     [_thread_blocked, id=8888, stack(0x000000d021400000,0x000000d021500000) (1024K)]
  0x0000024108656f80 JavaThread "Daemon client event forwarder"        [_thread_blocked, id=7824, stack(0x000000d021500000,0x000000d021600000) (1024K)]
  0x0000024108657610 JavaThread "Cache worker for journal cache (C:\Users\hp\.gradle\caches\journal-1)"        [_thread_blocked, id=13472, stack(0x000000d021700000,0x000000d021800000) (1024K)]
  0x00000241086596e0 JavaThread "File lock request listener"        [_thread_in_native, id=4836, stack(0x000000d021800000,0x000000d021900000) (1024K)]
  0x0000024108659050 JavaThread "Cache worker for file hash cache (C:\Users\hp\.gradle\caches\8.9\fileHashes)"        [_thread_blocked, id=16408, stack(0x000000d021900000,0x000000d021a00000) (1024K)]
  0x0000024108658330 JavaThread "Cache worker for file hash cache (C:\Users\hp\AndroidStudioProjects\MCA\.gradle\8.9\fileHashes)"        [_thread_blocked, id=4996, stack(0x000000d021a00000,0x000000d021b00000) (1024K)]
  0x000002410a7a3e90 JavaThread "Cache worker for Build Output Cleanup Cache (C:\Users\hp\AndroidStudioProjects\MCA\.gradle\buildOutputCleanup)"        [_thread_blocked, id=9644, stack(0x000000d021b00000,0x000000d021c00000) (1024K)]
  0x000002410a7a79a0 JavaThread "File watcher server"        daemon [_thread_in_native, id=9540, stack(0x000000d021c00000,0x000000d021d00000) (1024K)]
  0x000002410a7a7310 JavaThread "File watcher consumer"      daemon [_thread_blocked, id=17036, stack(0x000000d021d00000,0x000000d021e00000) (1024K)]
  0x000002410a7a4520 JavaThread "Cache worker for checksums cache (C:\Users\hp\AndroidStudioProjects\MCA\.gradle\8.9\checksums)"        [_thread_blocked, id=8200, stack(0x000000d021e00000,0x000000d021f00000) (1024K)]
  0x000002410a7a4bb0 JavaThread "Cache worker for file content cache (C:\Users\hp\.gradle\caches\8.9\fileContent)"        [_thread_blocked, id=14924, stack(0x000000d021f00000,0x000000d022000000) (1024K)]
  0x000002410a7a3800 JavaThread "Cache worker for cache directory md-rule (C:\Users\hp\.gradle\caches\8.9\md-rule)"        [_thread_blocked, id=14524, stack(0x000000d022000000,0x000000d022100000) (1024K)]
  0x000002410a7a5240 JavaThread "Cache worker for cache directory md-supplier (C:\Users\hp\.gradle\caches\8.9\md-supplier)"        [_thread_blocked, id=14768, stack(0x000000d022100000,0x000000d022200000) (1024K)]
  0x000002410a7a93e0 JavaThread "Unconstrained build operations"        [_thread_blocked, id=9740, stack(0x000000d022200000,0x000000d022300000) (1024K)]
  0x000002410a7aa100 JavaThread "Unconstrained build operations Thread 2"        [_thread_blocked, id=15676, stack(0x000000d022400000,0x000000d022500000) (1024K)]
  0x000002410a7a65f0 JavaThread "Unconstrained build operations Thread 3"        [_thread_blocked, id=1456, stack(0x000000d022500000,0x000000d022600000) (1024K)]
  0x000002410a7a58d0 JavaThread "Unconstrained build operations Thread 4"        [_thread_blocked, id=11988, stack(0x000000d022600000,0x000000d022700000) (1024K)]
  0x000002410a7a6c80 JavaThread "Unconstrained build operations Thread 5"        [_thread_blocked, id=2264, stack(0x000000d022700000,0x000000d022800000) (1024K)]
  0x000002410a7a86c0 JavaThread "Unconstrained build operations Thread 6"        [_thread_blocked, id=5744, stack(0x000000d022800000,0x000000d022900000) (1024K)]
  0x000002410a7a8d50 JavaThread "Unconstrained build operations Thread 7"        [_thread_blocked, id=12636, stack(0x000000d022900000,0x000000d022a00000) (1024K)]
  0x000002410c5da420 JavaThread "Unconstrained build operations Thread 8"        [_thread_blocked, id=17096, stack(0x000000d022a00000,0x000000d022b00000) (1024K)]
  0x000002410c5d9d90 JavaThread "Unconstrained build operations Thread 9"        [_thread_blocked, id=744, stack(0x000000d022b00000,0x000000d022c00000) (1024K)]
  0x000002410c5db7d0 JavaThread "Unconstrained build operations Thread 10"        [_thread_blocked, id=7588, stack(0x000000d022c00000,0x000000d022d00000) (1024K)]
  0x000002410c5daab0 JavaThread "Unconstrained build operations Thread 11"        [_thread_blocked, id=16020, stack(0x000000d022e00000,0x000000d022f00000) (1024K)]
  0x000002410c5db140 JavaThread "Unconstrained build operations Thread 12"        [_thread_blocked, id=1332, stack(0x000000d022f00000,0x000000d023000000) (1024K)]
  0x000002410c5dbe60 JavaThread "Unconstrained build operations Thread 13"        [_thread_blocked, id=12376, stack(0x000000d023000000,0x000000d023100000) (1024K)]
  0x000002410c5d9700 JavaThread "Unconstrained build operations Thread 14"        [_thread_blocked, id=7660, stack(0x000000d023100000,0x000000d023200000) (1024K)]
  0x000002410c5dc4f0 JavaThread "Unconstrained build operations Thread 15"        [_thread_blocked, id=17308, stack(0x000000d023200000,0x000000d023300000) (1024K)]
  0x000002410c5d9070 JavaThread "build event listener"              [_thread_blocked, id=13036, stack(0x000000d01f200000,0x000000d01f300000) (1024K)]
  0x000002410b9a7210 JavaThread "Memory manager"                    [_thread_blocked, id=16580, stack(0x000000d01f300000,0x000000d01f400000) (1024K)]
  0x000002410b9a78a0 JavaThread "included builds"                   [_thread_blocked, id=284, stack(0x000000d023500000,0x000000d023600000) (1024K)]
  0x000002410b9aa690 JavaThread "Execution worker"                  [_thread_blocked, id=13180, stack(0x000000d023600000,0x000000d023700000) (1024K)]
  0x000002410b9a8c50 JavaThread "Execution worker Thread 2"         [_thread_in_vm, id=8304, stack(0x000000d023700000,0x000000d023800000) (1024K)]
  0x000002410b9ab3b0 JavaThread "Execution worker Thread 3"         [_thread_blocked, id=8016, stack(0x000000d023800000,0x000000d023900000) (1024K)]
  0x000002410b9aba40 JavaThread "Execution worker Thread 4"         [_thread_blocked, id=13164, stack(0x000000d023900000,0x000000d023a00000) (1024K)]
  0x000002410b9ac0d0 JavaThread "Execution worker Thread 5"         [_thread_blocked, id=13468, stack(0x000000d023a00000,0x000000d023b00000) (1024K)]
  0x000002410b9ac760 JavaThread "Cache worker for execution history cache (C:\Users\hp\AndroidStudioProjects\MCA\.gradle\8.9\executionHistory)"        [_thread_blocked, id=12836, stack(0x000000d023b00000,0x000000d023c00000) (1024K)]
  0x000002410b9a57d0 JavaThread "Unconstrained build operations Thread 16"        [_thread_blocked, id=3232, stack(0x000000d023400000,0x000000d023500000) (1024K)]
  0x000002410b9a64f0 JavaThread "Unconstrained build operations Thread 17"        [_thread_blocked, id=13580, stack(0x000000d023c00000,0x000000d023d00000) (1024K)]
  0x000002410b6be4e0 JavaThread "Unconstrained build operations Thread 18"        [_thread_blocked, id=10772, stack(0x000000d023d00000,0x000000d023e00000) (1024K)]
  0x000002410b6bbd80 JavaThread "Unconstrained build operations Thread 19"        [_thread_blocked, id=14408, stack(0x000000d023e00000,0x000000d023f00000) (1024K)]
  0x000002410b6bcaa0 JavaThread "Unconstrained build operations Thread 20"        [_thread_blocked, id=5400, stack(0x000000d023f00000,0x000000d024000000) (1024K)]
  0x000002410b52d6f0 JavaThread "Unconstrained build operations Thread 21"        [_thread_blocked, id=14352, stack(0x000000d01f400000,0x000000d01f500000) (1024K)]
  0x000002410b529550 JavaThread "Unconstrained build operations Thread 22"        [_thread_blocked, id=6716, stack(0x000000d024000000,0x000000d024100000) (1024K)]
  0x000002410b52eaa0 JavaThread "Unconstrained build operations Thread 23"        [_thread_blocked, id=12912, stack(0x000000d024100000,0x000000d024200000) (1024K)]
  0x000002410b52c340 JavaThread "Unconstrained build operations Thread 24"        [_thread_blocked, id=4760, stack(0x000000d024200000,0x000000d024300000) (1024K)]
  0x000002410b52f130 JavaThread "Unconstrained build operations Thread 25"        [_thread_blocked, id=1516, stack(0x000000d024300000,0x000000d024400000) (1024K)]
=>0x000002410a82cae0 JavaThread "C2 CompilerThread1"         daemon [_thread_in_native, id=4432, stack(0x000000d024400000,0x000000d024500000) (1024K)]
Total: 67

Other Threads:
  0x000002417edf1cc0 VMThread "VM Thread"                           [id=6208, stack(0x000000d01fc00000,0x000000d01fd00000) (1024K)]
  0x000002417ec6d930 WatcherThread "VM Periodic Task Thread"        [id=12372, stack(0x000000d01fb00000,0x000000d01fc00000) (1024K)]
  0x000002416b9fbac0 WorkerThread "GC Thread#0"                     [id=13644, stack(0x000000d01f600000,0x000000d01f700000) (1024K)]
  0x000002417f5fcb40 WorkerThread "GC Thread#1"                     [id=16180, stack(0x000000d020800000,0x000000d020900000) (1024K)]
  0x000002417f4f3a00 WorkerThread "GC Thread#2"                     [id=16276, stack(0x000000d020900000,0x000000d020a00000) (1024K)]
  0x000002417f4f3da0 WorkerThread "GC Thread#3"                     [id=16160, stack(0x000000d020a00000,0x000000d020b00000) (1024K)]
  0x000002417f4f4550 WorkerThread "GC Thread#4"                     [id=14580, stack(0x000000d020b00000,0x000000d020c00000) (1024K)]
  0x00000241087de3a0 WorkerThread "GC Thread#5"                     [id=8892, stack(0x000000d020700000,0x000000d020800000) (1024K)]
  0x000002416ba0cb20 ConcurrentGCThread "G1 Main Marker"            [id=3956, stack(0x000000d01f700000,0x000000d01f800000) (1024K)]
  0x000002416ba0ece0 WorkerThread "G1 Conc#0"                       [id=11084, stack(0x000000d01f800000,0x000000d01f900000) (1024K)]
  0x00000241086f07d0 WorkerThread "G1 Conc#1"                       [id=15464, stack(0x000000d021600000,0x000000d021700000) (1024K)]
  0x000002416ba7eae0 ConcurrentGCThread "G1 Refine#0"               [id=4060, stack(0x000000d01f900000,0x000000d01fa00000) (1024K)]
  0x000002417eb45cb0 ConcurrentGCThread "G1 Service"                [id=13696, stack(0x000000d01fa00000,0x000000d01fb00000) (1024K)]
Total: 13

Threads with active compile tasks:
C2 CompilerThread0    92213 12112       4       com.sun.org.apache.xerces.internal.impl.XMLNSDocumentScannerImpl::scanAttribute (841 bytes)
C2 CompilerThread1    92213 12140       4       com.sun.org.apache.xerces.internal.impl.XMLNSDocumentScannerImpl::scanStartElement (1031 bytes)
Total: 2

VM state: not at safepoint (normal execution)

VM Mutex/Monitor currently owned by a thread:  ([mutex/lock_event])
[0x00007ffd51aafec8] Metaspace_lock - owner thread: 0x000002410b9a8c50

Heap address: 0x0000000080000000, size: 2048 MB, Compressed Oops mode: 32-bit

CDS archive(s) not mapped
Compressed class space mapped at: 0x0000000100000000-0x0000000140000000, reserved size: 1073741824
Narrow klass base: 0x0000000000000000, Narrow klass shift: 3, Narrow klass range: 0x140000000

GC Precious Log:
 CardTable entry size: 512
 Card Set container configuration: InlinePtr #cards 5 size 8 Array Of Cards #cards 12 size 40 Howl #buckets 4 coarsen threshold 1843 Howl Bitmap #cards 512 size 80 coarsen threshold 460 Card regions per heap region 1 cards per card region 2048
 CPUs: 6 total, 6 available
 Memory: 15773M
 Large Page Support: Disabled
 NUMA Support: Disabled
 Compressed Oops: Enabled (32-bit)
 Heap Region Size: 1M
 Heap Min Capacity: 8M
 Heap Initial Capacity: 248M
 Heap Max Capacity: 2G
 Pre-touch: Disabled
 Parallel Workers: 6
 Concurrent Workers: 2
 Concurrent Refinement Workers: 6
 Periodic GC: Disabled

Heap:
 garbage-first heap   total 148480K, used 98908K [0x0000000080000000, 0x0000000100000000)
  region size 1024K, 13 young (13312K), 4 survivors (4096K)
 Metaspace       used 108581K, committed 110656K, reserved 1179648K
  class space    used 14952K, committed 16000K, reserved 1048576K

Heap Regions: E=young(eden), S=young(survivor), O=old, HS=humongous(starts), HC=humongous(continues), CS=collection set, F=free, TAMS=top-at-mark-start, PB=parsable bottom
|   0|0x0000000080000000, 0x0000000080100000, 0x0000000080100000|100%| O|  |TAMS 0x0000000080000000| PB 0x0000000080000000| Untracked 
|   1|0x0000000080100000, 0x0000000080200000, 0x0000000080200000|100%| O|  |TAMS 0x0000000080100000| PB 0x0000000080100000| Untracked 
|   2|0x0000000080200000, 0x0000000080300000, 0x0000000080300000|100%|HS|  |TAMS 0x0000000080200000| PB 0x0000000080200000| Complete 
|   3|0x0000000080300000, 0x0000000080400000, 0x0000000080400000|100%|HC|  |TAMS 0x0000000080300000| PB 0x0000000080300000| Complete 
|   4|0x0000000080400000, 0x0000000080500000, 0x0000000080500000|100%|HC|  |TAMS 0x0000000080400000| PB 0x0000000080400000| Complete 
|   5|0x0000000080500000, 0x0000000080600000, 0x0000000080600000|100%|HC|  |TAMS 0x0000000080500000| PB 0x0000000080500000| Complete 
|   6|0x0000000080600000, 0x0000000080700000, 0x0000000080700000|100%| O|  |TAMS 0x0000000080600000| PB 0x0000000080600000| Untracked 
|   7|0x0000000080700000, 0x0000000080800000, 0x0000000080800000|100%| O|  |TAMS 0x0000000080700000| PB 0x0000000080700000| Untracked 
|   8|0x0000000080800000, 0x0000000080900000, 0x0000000080900000|100%| O|  |TAMS 0x0000000080800000| PB 0x0000000080800000| Untracked 
|   9|0x0000000080900000, 0x0000000080a00000, 0x0000000080a00000|100%|HS|  |TAMS 0x0000000080900000| PB 0x0000000080900000| Complete 
|  10|0x0000000080a00000, 0x0000000080b00000, 0x0000000080b00000|100%| O|  |TAMS 0x0000000080a00000| PB 0x0000000080a00000| Untracked 
|  11|0x0000000080b00000, 0x0000000080c00000, 0x0000000080c00000|100%| O|  |TAMS 0x0000000080b00000| PB 0x0000000080b00000| Untracked 
|  12|0x0000000080c00000, 0x0000000080d00000, 0x0000000080d00000|100%| O|  |TAMS 0x0000000080c00000| PB 0x0000000080c00000| Untracked 
|  13|0x0000000080d00000, 0x0000000080e00000, 0x0000000080e00000|100%| O|  |TAMS 0x0000000080d00000| PB 0x0000000080d00000| Untracked 
|  14|0x0000000080e00000, 0x0000000080f00000, 0x0000000080f00000|100%| O|  |TAMS 0x0000000080e00000| PB 0x0000000080e00000| Untracked 
|  15|0x0000000080f00000, 0x0000000081000000, 0x0000000081000000|100%| O|  |TAMS 0x0000000080f00000| PB 0x0000000080f00000| Untracked 
|  16|0x0000000081000000, 0x0000000081100000, 0x0000000081100000|100%| O|  |TAMS 0x0000000081000000| PB 0x0000000081000000| Untracked 
|  17|0x0000000081100000, 0x0000000081200000, 0x0000000081200000|100%| O|  |TAMS 0x0000000081100000| PB 0x0000000081100000| Untracked 
|  18|0x0000000081200000, 0x0000000081300000, 0x0000000081300000|100%| O|  |TAMS 0x0000000081200000| PB 0x0000000081200000| Untracked 
|  19|0x0000000081300000, 0x0000000081400000, 0x0000000081400000|100%| O|  |TAMS 0x0000000081300000| PB 0x0000000081300000| Untracked 
|  20|0x0000000081400000, 0x0000000081500000, 0x0000000081500000|100%| O|  |TAMS 0x0000000081400000| PB 0x0000000081400000| Untracked 
|  21|0x0000000081500000, 0x0000000081600000, 0x0000000081600000|100%| O|  |TAMS 0x0000000081500000| PB 0x0000000081500000| Untracked 
|  22|0x0000000081600000, 0x0000000081700000, 0x0000000081700000|100%| O|  |TAMS 0x0000000081600000| PB 0x0000000081600000| Untracked 
|  23|0x0000000081700000, 0x0000000081800000, 0x0000000081800000|100%| O|  |TAMS 0x0000000081700000| PB 0x0000000081700000| Untracked 
|  24|0x0000000081800000, 0x0000000081900000, 0x0000000081900000|100%| O|  |TAMS 0x0000000081800000| PB 0x0000000081800000| Untracked 
|  25|0x0000000081900000, 0x0000000081a00000, 0x0000000081a00000|100%| O|  |TAMS 0x0000000081900000| PB 0x0000000081900000| Untracked 
|  26|0x0000000081a00000, 0x0000000081b00000, 0x0000000081b00000|100%| O|  |TAMS 0x0000000081a00000| PB 0x0000000081a00000| Untracked 
|  27|0x0000000081b00000, 0x0000000081c00000, 0x0000000081c00000|100%| O|  |TAMS 0x0000000081b00000| PB 0x0000000081b00000| Untracked 
|  28|0x0000000081c00000, 0x0000000081d00000, 0x0000000081d00000|100%| O|  |TAMS 0x0000000081c00000| PB 0x0000000081c00000| Untracked 
|  29|0x0000000081d00000, 0x0000000081e00000, 0x0000000081e00000|100%| O|  |TAMS 0x0000000081d00000| PB 0x0000000081d00000| Untracked 
|  30|0x0000000081e00000, 0x0000000081f00000, 0x0000000081f00000|100%| O|  |TAMS 0x0000000081e00000| PB 0x0000000081e00000| Untracked 
|  31|0x0000000081f00000, 0x0000000082000000, 0x0000000082000000|100%| O|Cm|TAMS 0x0000000081f00000| PB 0x0000000081f00000| Complete 
|  32|0x0000000082000000, 0x0000000082100000, 0x0000000082100000|100%| O|  |TAMS 0x0000000082000000| PB 0x0000000082000000| Untracked 
|  33|0x0000000082100000, 0x0000000082200000, 0x0000000082200000|100%| O|  |TAMS 0x0000000082100000| PB 0x0000000082100000| Untracked 
|  34|0x0000000082200000, 0x0000000082300000, 0x0000000082300000|100%| O|  |TAMS 0x0000000082200000| PB 0x0000000082200000| Untracked 
|  35|0x0000000082300000, 0x0000000082400000, 0x0000000082400000|100%| O|  |TAMS 0x0000000082300000| PB 0x0000000082300000| Untracked 
|  36|0x0000000082400000, 0x0000000082500000, 0x0000000082500000|100%| O|  |TAMS 0x0000000082400000| PB 0x0000000082400000| Untracked 
|  37|0x0000000082500000, 0x0000000082600000, 0x0000000082600000|100%| O|  |TAMS 0x0000000082500000| PB 0x0000000082500000| Untracked 
|  38|0x0000000082600000, 0x0000000082700000, 0x0000000082700000|100%| O|  |TAMS 0x0000000082600000| PB 0x0000000082600000| Untracked 
|  39|0x0000000082700000, 0x0000000082800000, 0x0000000082800000|100%| O|  |TAMS 0x0000000082700000| PB 0x0000000082700000| Untracked 
|  40|0x0000000082800000, 0x0000000082900000, 0x0000000082900000|100%| O|  |TAMS 0x0000000082800000| PB 0x0000000082800000| Untracked 
|  41|0x0000000082900000, 0x0000000082a00000, 0x0000000082a00000|100%| O|  |TAMS 0x0000000082900000| PB 0x0000000082900000| Untracked 
|  42|0x0000000082a00000, 0x0000000082b00000, 0x0000000082b00000|100%| O|  |TAMS 0x0000000082a00000| PB 0x0000000082a00000| Untracked 
|  43|0x0000000082b00000, 0x0000000082c00000, 0x0000000082c00000|100%| O|  |TAMS 0x0000000082b00000| PB 0x0000000082b00000| Untracked 
|  44|0x0000000082c00000, 0x0000000082d00000, 0x0000000082d00000|100%| O|  |TAMS 0x0000000082c00000| PB 0x0000000082c00000| Untracked 
|  45|0x0000000082d00000, 0x0000000082e00000, 0x0000000082e00000|100%| O|  |TAMS 0x0000000082d00000| PB 0x0000000082d00000| Untracked 
|  46|0x0000000082e00000, 0x0000000082f00000, 0x0000000082f00000|100%| O|  |TAMS 0x0000000082e00000| PB 0x0000000082e00000| Untracked 
|  47|0x0000000082f00000, 0x0000000083000000, 0x0000000083000000|100%| O|  |TAMS 0x0000000082f00000| PB 0x0000000082f00000| Untracked 
|  48|0x0000000083000000, 0x0000000083100000, 0x0000000083100000|100%|HS|  |TAMS 0x0000000083000000| PB 0x0000000083000000| Complete 
|  49|0x0000000083100000, 0x0000000083200000, 0x0000000083200000|100%|HS|  |TAMS 0x0000000083100000| PB 0x0000000083100000| Complete 
|  50|0x0000000083200000, 0x0000000083300000, 0x0000000083300000|100%|HS|  |TAMS 0x0000000083200000| PB 0x0000000083200000| Complete 
|  51|0x0000000083300000, 0x0000000083400000, 0x0000000083400000|100%|HS|  |TAMS 0x0000000083300000| PB 0x0000000083300000| Complete 
|  52|0x0000000083400000, 0x0000000083500000, 0x0000000083500000|100%| O|  |TAMS 0x0000000083400000| PB 0x0000000083400000| Untracked 
|  53|0x0000000083500000, 0x0000000083600000, 0x0000000083600000|100%|HS|  |TAMS 0x0000000083500000| PB 0x0000000083500000| Complete 
|  54|0x0000000083600000, 0x0000000083700000, 0x0000000083700000|100%|HS|  |TAMS 0x0000000083600000| PB 0x0000000083600000| Complete 
|  55|0x0000000083700000, 0x0000000083800000, 0x0000000083800000|100%| O|  |TAMS 0x0000000083700000| PB 0x0000000083700000| Untracked 
|  56|0x0000000083800000, 0x0000000083900000, 0x0000000083900000|100%| O|  |TAMS 0x0000000083800000| PB 0x0000000083800000| Untracked 
|  57|0x0000000083900000, 0x0000000083a00000, 0x0000000083a00000|100%| O|  |TAMS 0x0000000083900000| PB 0x0000000083900000| Untracked 
|  58|0x0000000083a00000, 0x0000000083b00000, 0x0000000083b00000|100%| O|  |TAMS 0x0000000083a00000| PB 0x0000000083a00000| Untracked 
|  59|0x0000000083b00000, 0x0000000083c00000, 0x0000000083c00000|100%| O|  |TAMS 0x0000000083b00000| PB 0x0000000083b00000| Untracked 
|  60|0x0000000083c00000, 0x0000000083d00000, 0x0000000083d00000|100%| O|  |TAMS 0x0000000083c00000| PB 0x0000000083c00000| Untracked 
|  61|0x0000000083d00000, 0x0000000083e00000, 0x0000000083e00000|100%|HS|  |TAMS 0x0000000083d00000| PB 0x0000000083d00000| Complete 
|  62|0x0000000083e00000, 0x0000000083f00000, 0x0000000083f00000|100%| O|  |TAMS 0x0000000083e00000| PB 0x0000000083e00000| Untracked 
|  63|0x0000000083f00000, 0x0000000084000000, 0x0000000084000000|100%| O|  |TAMS 0x0000000083f00000| PB 0x0000000083f00000| Untracked 
|  64|0x0000000084000000, 0x0000000084100000, 0x0000000084100000|100%| O|  |TAMS 0x0000000084000000| PB 0x0000000084000000| Untracked 
|  65|0x0000000084100000, 0x0000000084200000, 0x0000000084200000|100%| O|  |TAMS 0x0000000084100000| PB 0x0000000084100000| Untracked 
|  66|0x0000000084200000, 0x0000000084300000, 0x0000000084300000|100%| O|  |TAMS 0x0000000084200000| PB 0x0000000084200000| Untracked 
|  67|0x0000000084300000, 0x0000000084400000, 0x0000000084400000|100%| O|  |TAMS 0x0000000084300000| PB 0x0000000084300000| Untracked 
|  68|0x0000000084400000, 0x0000000084500000, 0x0000000084500000|100%| O|  |TAMS 0x0000000084400000| PB 0x0000000084400000| Untracked 
|  69|0x0000000084500000, 0x0000000084600000, 0x0000000084600000|100%| O|  |TAMS 0x0000000084500000| PB 0x0000000084500000| Untracked 
|  70|0x0000000084600000, 0x0000000084700000, 0x0000000084700000|100%| O|Cm|TAMS 0x0000000084600000| PB 0x0000000084600000| Complete 
|  71|0x0000000084700000, 0x0000000084800000, 0x0000000084800000|100%| O|  |TAMS 0x0000000084700000| PB 0x0000000084700000| Untracked 
|  72|0x0000000084800000, 0x0000000084900000, 0x0000000084900000|100%| O|  |TAMS 0x0000000084800000| PB 0x0000000084800000| Untracked 
|  73|0x0000000084900000, 0x0000000084a00000, 0x0000000084a00000|100%| O|  |TAMS 0x0000000084900000| PB 0x0000000084900000| Untracked 
|  74|0x0000000084a00000, 0x0000000084b00000, 0x0000000084b00000|100%| O|  |TAMS 0x0000000084a00000| PB 0x0000000084a00000| Untracked 
|  75|0x0000000084b00000, 0x0000000084c00000, 0x0000000084c00000|100%| O|  |TAMS 0x0000000084b00000| PB 0x0000000084b00000| Untracked 
|  76|0x0000000084c00000, 0x0000000084d00000, 0x0000000084d00000|100%| O|  |TAMS 0x0000000084c00000| PB 0x0000000084c00000| Untracked 
|  77|0x0000000084d00000, 0x0000000084e00000, 0x0000000084e00000|100%| O|  |TAMS 0x0000000084d00000| PB 0x0000000084d00000| Untracked 
|  78|0x0000000084e00000, 0x0000000084f00000, 0x0000000084f00000|100%|HS|  |TAMS 0x0000000084e00000| PB 0x0000000084e00000| Complete 
|  79|0x0000000084f00000, 0x0000000085000000, 0x0000000085000000|100%|HC|  |TAMS 0x0000000084f00000| PB 0x0000000084f00000| Complete 
|  80|0x0000000085000000, 0x0000000085000000, 0x0000000085100000|  0%| F|  |TAMS 0x0000000085000000| PB 0x0000000085000000| Untracked 
|  81|0x0000000085100000, 0x0000000085100000, 0x0000000085200000|  0%| F|  |TAMS 0x0000000085100000| PB 0x0000000085100000| Untracked 
|  82|0x0000000085200000, 0x0000000085200000, 0x0000000085300000|  0%| F|  |TAMS 0x0000000085200000| PB 0x0000000085200000| Untracked 
|  83|0x0000000085300000, 0x0000000085400000, 0x0000000085400000|100%| O|  |TAMS 0x0000000085300000| PB 0x0000000085300000| Untracked 
|  84|0x0000000085400000, 0x0000000085500000, 0x0000000085500000|100%| O|  |TAMS 0x0000000085400000| PB 0x0000000085400000| Untracked 
|  85|0x0000000085500000, 0x0000000085584ce0, 0x0000000085600000| 51%| O|  |TAMS 0x0000000085500000| PB 0x0000000085500000| Untracked 
|  86|0x0000000085600000, 0x0000000085600000, 0x0000000085700000|  0%| F|  |TAMS 0x0000000085600000| PB 0x0000000085600000| Untracked 
|  87|0x0000000085700000, 0x0000000085700000, 0x0000000085800000|  0%| F|  |TAMS 0x0000000085700000| PB 0x0000000085700000| Untracked 
|  88|0x0000000085800000, 0x0000000085800000, 0x0000000085900000|  0%| F|  |TAMS 0x0000000085800000| PB 0x0000000085800000| Untracked 
|  89|0x0000000085900000, 0x0000000085900000, 0x0000000085a00000|  0%| F|  |TAMS 0x0000000085900000| PB 0x0000000085900000| Untracked 
|  90|0x0000000085a00000, 0x0000000085a00000, 0x0000000085b00000|  0%| F|  |TAMS 0x0000000085a00000| PB 0x0000000085a00000| Untracked 
|  91|0x0000000085b00000, 0x0000000085b00000, 0x0000000085c00000|  0%| F|  |TAMS 0x0000000085b00000| PB 0x0000000085b00000| Untracked 
|  92|0x0000000085c00000, 0x0000000085c00000, 0x0000000085d00000|  0%| F|  |TAMS 0x0000000085c00000| PB 0x0000000085c00000| Untracked 
|  93|0x0000000085d00000, 0x0000000085d00000, 0x0000000085e00000|  0%| F|  |TAMS 0x0000000085d00000| PB 0x0000000085d00000| Untracked 
|  94|0x0000000085e00000, 0x0000000085e00000, 0x0000000085f00000|  0%| F|  |TAMS 0x0000000085e00000| PB 0x0000000085e00000| Untracked 
|  95|0x0000000085f00000, 0x0000000085f00000, 0x0000000086000000|  0%| F|  |TAMS 0x0000000085f00000| PB 0x0000000085f00000| Untracked 
|  96|0x0000000086000000, 0x0000000086000000, 0x0000000086100000|  0%| F|  |TAMS 0x0000000086000000| PB 0x0000000086000000| Untracked 
|  97|0x0000000086100000, 0x0000000086100000, 0x0000000086200000|  0%| F|  |TAMS 0x0000000086100000| PB 0x0000000086100000| Untracked 
|  98|0x0000000086200000, 0x0000000086200000, 0x0000000086300000|  0%| F|  |TAMS 0x0000000086200000| PB 0x0000000086200000| Untracked 
|  99|0x0000000086300000, 0x0000000086300000, 0x0000000086400000|  0%| F|  |TAMS 0x0000000086300000| PB 0x0000000086300000| Untracked 
| 100|0x0000000086400000, 0x0000000086400000, 0x0000000086500000|  0%| F|  |TAMS 0x0000000086400000| PB 0x0000000086400000| Untracked 
| 101|0x0000000086500000, 0x0000000086500000, 0x0000000086600000|  0%| F|  |TAMS 0x0000000086500000| PB 0x0000000086500000| Untracked 
| 102|0x0000000086600000, 0x0000000086600000, 0x0000000086700000|  0%| F|  |TAMS 0x0000000086600000| PB 0x0000000086600000| Untracked 
| 103|0x0000000086700000, 0x00000000867125c0, 0x0000000086800000|  7%| S|CS|TAMS 0x0000000086700000| PB 0x0000000086700000| Complete 
| 104|0x0000000086800000, 0x0000000086900000, 0x0000000086900000|100%| S|CS|TAMS 0x0000000086800000| PB 0x0000000086800000| Complete 
| 105|0x0000000086900000, 0x0000000086a00000, 0x0000000086a00000|100%| S|CS|TAMS 0x0000000086900000| PB 0x0000000086900000| Complete 
| 106|0x0000000086a00000, 0x0000000086b00000, 0x0000000086b00000|100%| S|CS|TAMS 0x0000000086a00000| PB 0x0000000086a00000| Complete 
| 107|0x0000000086b00000, 0x0000000086b00000, 0x0000000086c00000|  0%| F|  |TAMS 0x0000000086b00000| PB 0x0000000086b00000| Untracked 
| 108|0x0000000086c00000, 0x0000000086c00000, 0x0000000086d00000|  0%| F|  |TAMS 0x0000000086c00000| PB 0x0000000086c00000| Untracked 
| 109|0x0000000086d00000, 0x0000000086d00000, 0x0000000086e00000|  0%| F|  |TAMS 0x0000000086d00000| PB 0x0000000086d00000| Untracked 
| 110|0x0000000086e00000, 0x0000000086e00000, 0x0000000086f00000|  0%| F|  |TAMS 0x0000000086e00000| PB 0x0000000086e00000| Untracked 
| 111|0x0000000086f00000, 0x0000000086f00000, 0x0000000087000000|  0%| F|  |TAMS 0x0000000086f00000| PB 0x0000000086f00000| Untracked 
| 112|0x0000000087000000, 0x0000000087000000, 0x0000000087100000|  0%| F|  |TAMS 0x0000000087000000| PB 0x0000000087000000| Untracked 
| 113|0x0000000087100000, 0x0000000087100000, 0x0000000087200000|  0%| F|  |TAMS 0x0000000087100000| PB 0x0000000087100000| Untracked 
| 114|0x0000000087200000, 0x0000000087200000, 0x0000000087300000|  0%| F|  |TAMS 0x0000000087200000| PB 0x0000000087200000| Untracked 
| 115|0x0000000087300000, 0x0000000087300000, 0x0000000087400000|  0%| F|  |TAMS 0x0000000087300000| PB 0x0000000087300000| Untracked 
| 116|0x0000000087400000, 0x0000000087400000, 0x0000000087500000|  0%| F|  |TAMS 0x0000000087400000| PB 0x0000000087400000| Untracked 
| 117|0x0000000087500000, 0x0000000087500000, 0x0000000087600000|  0%| F|  |TAMS 0x0000000087500000| PB 0x0000000087500000| Untracked 
| 118|0x0000000087600000, 0x0000000087600000, 0x0000000087700000|  0%| F|  |TAMS 0x0000000087600000| PB 0x0000000087600000| Untracked 
| 119|0x0000000087700000, 0x0000000087700000, 0x0000000087800000|  0%| F|  |TAMS 0x0000000087700000| PB 0x0000000087700000| Untracked 
| 120|0x0000000087800000, 0x0000000087800000, 0x0000000087900000|  0%| F|  |TAMS 0x0000000087800000| PB 0x0000000087800000| Untracked 
| 121|0x0000000087900000, 0x0000000087900000, 0x0000000087a00000|  0%| F|  |TAMS 0x0000000087900000| PB 0x0000000087900000| Untracked 
| 122|0x0000000087a00000, 0x0000000087a00000, 0x0000000087b00000|  0%| F|  |TAMS 0x0000000087a00000| PB 0x0000000087a00000| Untracked 
| 123|0x0000000087b00000, 0x0000000087b00000, 0x0000000087c00000|  0%| F|  |TAMS 0x0000000087b00000| PB 0x0000000087b00000| Untracked 
| 124|0x0000000087c00000, 0x0000000087c00000, 0x0000000087d00000|  0%| F|  |TAMS 0x0000000087c00000| PB 0x0000000087c00000| Untracked 
| 125|0x0000000087d00000, 0x0000000087d00000, 0x0000000087e00000|  0%| F|  |TAMS 0x0000000087d00000| PB 0x0000000087d00000| Untracked 
| 126|0x0000000087e00000, 0x0000000087e00000, 0x0000000087f00000|  0%| F|  |TAMS 0x0000000087e00000| PB 0x0000000087e00000| Untracked 
| 127|0x0000000087f00000, 0x0000000087f00000, 0x0000000088000000|  0%| F|  |TAMS 0x0000000087f00000| PB 0x0000000087f00000| Untracked 
| 211|0x000000008d300000, 0x000000008d300000, 0x000000008d400000|  0%| F|  |TAMS 0x000000008d300000| PB 0x000000008d300000| Untracked 
| 212|0x000000008d400000, 0x000000008d400000, 0x000000008d500000|  0%| F|  |TAMS 0x000000008d400000| PB 0x000000008d400000| Untracked 
| 213|0x000000008d500000, 0x000000008d500000, 0x000000008d600000|  0%| F|  |TAMS 0x000000008d500000| PB 0x000000008d500000| Untracked 
| 214|0x000000008d600000, 0x000000008d600000, 0x000000008d700000|  0%| F|  |TAMS 0x000000008d600000| PB 0x000000008d600000| Untracked 
| 215|0x000000008d700000, 0x000000008d7d6018, 0x000000008d800000| 83%| E|  |TAMS 0x000000008d700000| PB 0x000000008d700000| Complete 
| 216|0x000000008d800000, 0x000000008d900000, 0x000000008d900000|100%| E|  |TAMS 0x000000008d800000| PB 0x000000008d800000| Complete 
| 217|0x000000008d900000, 0x000000008da00000, 0x000000008da00000|100%| E|CS|TAMS 0x000000008d900000| PB 0x000000008d900000| Complete 
| 218|0x000000008da00000, 0x000000008db00000, 0x000000008db00000|100%| E|CS|TAMS 0x000000008da00000| PB 0x000000008da00000| Complete 
| 219|0x000000008db00000, 0x000000008dc00000, 0x000000008dc00000|100%| E|CS|TAMS 0x000000008db00000| PB 0x000000008db00000| Complete 
| 220|0x000000008dc00000, 0x000000008dd00000, 0x000000008dd00000|100%| E|CS|TAMS 0x000000008dc00000| PB 0x000000008dc00000| Complete 
| 246|0x000000008f600000, 0x000000008f700000, 0x000000008f700000|100%| E|CS|TAMS 0x000000008f600000| PB 0x000000008f600000| Complete 
| 247|0x000000008f700000, 0x000000008f800000, 0x000000008f800000|100%| E|CS|TAMS 0x000000008f700000| PB 0x000000008f700000| Complete 
|2043|0x00000000ffb00000, 0x00000000ffc00000, 0x00000000ffc00000|100%| E|CS|TAMS 0x00000000ffb00000| PB 0x00000000ffb00000| Complete 
|2044|0x00000000ffc00000, 0x00000000ffd00000, 0x00000000ffd00000|100%| O|Cm|TAMS 0x00000000ffc00000| PB 0x00000000ffc00000| Complete 
|2045|0x00000000ffd00000, 0x00000000ffe00000, 0x00000000ffe00000|100%| O|  |TAMS 0x00000000ffd00000| PB 0x00000000ffd00000| Untracked 
|2046|0x00000000ffe00000, 0x00000000fff00000, 0x00000000fff00000|100%| O|  |TAMS 0x00000000ffe00000| PB 0x00000000ffe00000| Untracked 
|2047|0x00000000fff00000, 0x0000000100000000, 0x0000000100000000|100%| O|  |TAMS 0x00000000fff00000| PB 0x00000000fff00000| Untracked 

Card table byte_map: [0x000002417e010000,0x000002417e410000] _byte_map_base: 0x000002417dc10000

Marking Bits: (CMBitMap*) 0x000002416b9fc0d0
 Bits: [0x0000024100000000, 0x0000024102000000)

Polling page: 0x0000024169910000

Metaspace:

Usage:
  Non-class:     91.43 MB used.
      Class:     14.60 MB used.
       Both:    106.04 MB used.

Virtual space:
  Non-class space:      128.00 MB reserved,      92.44 MB ( 72%) committed,  2 nodes.
      Class space:        1.00 GB reserved,      15.62 MB (  2%) committed,  1 nodes.
             Both:        1.12 GB reserved,     108.06 MB (  9%) committed. 

Chunk freelists:
   Non-Class:  3.48 MB
       Class:  400.00 KB
        Both:  3.88 MB

MaxMetaspaceSize: unlimited
CompressedClassSpaceSize: 1.00 GB
Initial GC threshold: 21.00 MB
Current GC threshold: 176.19 MB
CDS: off
 - commit_granule_bytes: 65536.
 - commit_granule_words: 8192.
 - virtual_space_node_default_size: 8388608.
 - enlarge_chunks_in_place: 1.
 - use_allocation_guard: 0.


Internal statistics:

num_allocs_failed_limit: 9.
num_arena_births: 4014.
num_arena_deaths: 0.
num_vsnodes_births: 3.
num_vsnodes_deaths: 0.
num_space_committed: 1728.
num_space_uncommitted: 0.
num_chunks_returned_to_freelist: 9.
num_chunks_taken_from_freelist: 8418.
num_chunk_merges: 9.
num_chunk_splits: 5492.
num_chunks_enlarged: 3512.
num_inconsistent_stats: 0.

CodeHeap 'non-profiled nmethods': size=120000Kb used=6392Kb max_used=6392Kb free=113607Kb
 bounds [0x00000241765d0000, 0x0000024176c10000, 0x000002417db00000]
CodeHeap 'profiled nmethods': size=120000Kb used=19345Kb max_used=19345Kb free=100654Kb
 bounds [0x000002416eb00000, 0x000002416fdf0000, 0x0000024176030000]
CodeHeap 'non-nmethods': size=5760Kb used=2152Kb max_used=2216Kb free=3607Kb
 bounds [0x0000024176030000, 0x00000241762a0000, 0x00000241765d0000]
 total_blobs=11166 nmethods=10283 adapters=786
 compilation: enabled
              stopped_count=0, restarted_count=0
 full_count=0

Compilation events (20 events):
Event: 91.911 Thread 0x000002417ee9d4b0 12138       3       com.sun.org.apache.xerces.internal.impl.XMLDocumentFragmentScannerImpl::scanDocument (346 bytes)
Event: 91.912 Thread 0x000002417ee9d4b0 nmethod 12138 0x000002416fde2690 code [0x000002416fde29c0, 0x000002416fde3e08]
Event: 91.917 Thread 0x000002417ee9ce00 nmethod 12131 0x0000024176c02b10 code [0x0000024176c02d00, 0x0000024176c03370]
Event: 91.917 Thread 0x000002417ee9ce00 12136 %     4       sun.nio.cs.UTF_8$Decoder::decodeArrayLoop @ 103 (688 bytes)
Event: 91.935 Thread 0x000002417ee9ce00 nmethod 12136% 0x0000024176c03790 code [0x0000024176c03a00, 0x0000024176c04868]
Event: 91.935 Thread 0x000002417ee9ce00 12126       4       com.sun.org.apache.xerces.internal.impl.XMLEntityScanner::skipString (122 bytes)
Event: 91.941 Thread 0x000002410a82cae0 nmethod 12129 0x0000024176c05390 code [0x0000024176c05700, 0x0000024176c07230]
Event: 91.941 Thread 0x000002410a82cae0 12140       4       com.sun.org.apache.xerces.internal.impl.XMLNSDocumentScannerImpl::scanStartElement (1031 bytes)
Event: 91.950 Thread 0x000002417ee9ce00 nmethod 12126 0x0000024176c08510 code [0x0000024176c08760, 0x0000024176c08fa8]
Event: 91.950 Thread 0x000002417ee9ce00 12105       4       com.sun.org.apache.xerces.internal.impl.XMLDocumentFragmentScannerImpl::seekCloseOfStartTag (138 bytes)
Event: 91.957 Thread 0x000002417ee9ce00 nmethod 12105 0x0000024176c09610 code [0x0000024176c09820, 0x0000024176c09d00]
Event: 91.957 Thread 0x000002417ee9ce00 12108       4       com.sun.org.apache.xerces.internal.dom.DeferredDocumentImpl::appendChild (81 bytes)
Event: 91.963 Thread 0x000002417ee9ce00 nmethod 12108 0x0000024176c0a190 code [0x0000024176c0a380, 0x0000024176c0a958]
Event: 91.963 Thread 0x000002417ee9ce00 12101       4       com.sun.org.apache.xerces.internal.impl.XMLEntityScanner::checkLimit (256 bytes)
Event: 91.977 Thread 0x000002417ee9ce00 nmethod 12101 0x0000024176c0af10 code [0x0000024176c0b1a0, 0x0000024176c0be70]
Event: 91.977 Thread 0x000002417ee9ce00 12109       4       com.sun.org.apache.xerces.internal.dom.DeferredDocumentImpl::clearChunkIndex (57 bytes)
Event: 91.979 Thread 0x000002417ee9ce00 nmethod 12109 0x0000024176c0c890 code [0x0000024176c0ca20, 0x0000024176c0cbb0]
Event: 91.979 Thread 0x000002417ee9ce00 12110       4       com.sun.org.apache.xerces.internal.util.XMLAttributesImpl::getValue (69 bytes)
Event: 91.990 Thread 0x000002417ee9ce00 nmethod 12110 0x0000024176c0cd10 code [0x0000024176c0cf00, 0x0000024176c0d900]
Event: 91.990 Thread 0x000002417ee9ce00 12112       4       com.sun.org.apache.xerces.internal.impl.XMLNSDocumentScannerImpl::scanAttribute (841 bytes)

GC Heap History (20 events):
Event: 64.388 GC heap before
{Heap before GC invocations=32 (full 0):
 garbage-first heap   total 119808K, used 105093K [0x0000000080000000, 0x0000000100000000)
  region size 1024K, 37 young (37888K), 4 survivors (4096K)
 Metaspace       used 83786K, committed 85696K, reserved 1179648K
  class space    used 11406K, committed 12352K, reserved 1048576K
}
Event: 64.396 GC heap after
{Heap after GC invocations=33 (full 0):
 garbage-first heap   total 119808K, used 70461K [0x0000000080000000, 0x0000000100000000)
  region size 1024K, 5 young (5120K), 5 survivors (5120K)
 Metaspace       used 83786K, committed 85696K, reserved 1179648K
  class space    used 11406K, committed 12352K, reserved 1048576K
}
Event: 66.595 GC heap before
{Heap before GC invocations=33 (full 0):
 garbage-first heap   total 119808K, used 107325K [0x0000000080000000, 0x0000000100000000)
  region size 1024K, 41 young (41984K), 5 survivors (5120K)
 Metaspace       used 86811K, committed 88640K, reserved 1179648K
  class space    used 11795K, committed 12736K, reserved 1048576K
}
Event: 66.605 GC heap after
{Heap after GC invocations=34 (full 0):
 garbage-first heap   total 119808K, used 72451K [0x0000000080000000, 0x0000000100000000)
  region size 1024K, 3 young (3072K), 3 survivors (3072K)
 Metaspace       used 86811K, committed 88640K, reserved 1179648K
  class space    used 11795K, committed 12736K, reserved 1048576K
}
Event: 69.046 GC heap before
{Heap before GC invocations=34 (full 0):
 garbage-first heap   total 119808K, used 108291K [0x0000000080000000, 0x0000000100000000)
  region size 1024K, 38 young (38912K), 3 survivors (3072K)
 Metaspace       used 89026K, committed 90944K, reserved 1179648K
  class space    used 12088K, committed 13056K, reserved 1048576K
}
Event: 69.054 GC heap after
{Heap after GC invocations=35 (full 0):
 garbage-first heap   total 119808K, used 74065K [0x0000000080000000, 0x0000000100000000)
  region size 1024K, 4 young (4096K), 4 survivors (4096K)
 Metaspace       used 89026K, committed 90944K, reserved 1179648K
  class space    used 12088K, committed 13056K, reserved 1048576K
}
Event: 71.440 GC heap before
{Heap before GC invocations=36 (full 0):
 garbage-first heap   total 126976K, used 107857K [0x0000000080000000, 0x0000000100000000)
  region size 1024K, 37 young (37888K), 4 survivors (4096K)
 Metaspace       used 91606K, committed 93504K, reserved 1179648K
  class space    used 12514K, committed 13440K, reserved 1048576K
}
Event: 71.449 GC heap after
{Heap after GC invocations=37 (full 0):
 garbage-first heap   total 126976K, used 75202K [0x0000000080000000, 0x0000000100000000)
  region size 1024K, 3 young (3072K), 3 survivors (3072K)
 Metaspace       used 91606K, committed 93504K, reserved 1179648K
  class space    used 12514K, committed 13440K, reserved 1048576K
}
Event: 73.191 GC heap before
{Heap before GC invocations=37 (full 0):
 garbage-first heap   total 126976K, used 115138K [0x0000000080000000, 0x0000000100000000)
  region size 1024K, 42 young (43008K), 3 survivors (3072K)
 Metaspace       used 94873K, committed 96768K, reserved 1179648K
  class space    used 13042K, committed 14016K, reserved 1048576K
}
Event: 73.201 GC heap after
{Heap after GC invocations=38 (full 0):
 garbage-first heap   total 126976K, used 76708K [0x0000000080000000, 0x0000000100000000)
  region size 1024K, 5 young (5120K), 5 survivors (5120K)
 Metaspace       used 94873K, committed 96768K, reserved 1179648K
  class space    used 13042K, committed 14016K, reserved 1048576K
}
Event: 75.928 GC heap before
{Heap before GC invocations=38 (full 0):
 garbage-first heap   total 126976K, used 113572K [0x0000000080000000, 0x0000000100000000)
  region size 1024K, 41 young (41984K), 5 survivors (5120K)
 Metaspace       used 97951K, committed 99968K, reserved 1179648K
  class space    used 13474K, committed 14464K, reserved 1048576K
}
Event: 75.944 GC heap after
{Heap after GC invocations=39 (full 0):
 garbage-first heap   total 126976K, used 79507K [0x0000000080000000, 0x0000000100000000)
  region size 1024K, 6 young (6144K), 6 survivors (6144K)
 Metaspace       used 97951K, committed 99968K, reserved 1179648K
  class space    used 13474K, committed 14464K, reserved 1048576K
}
Event: 83.052 GC heap before
{Heap before GC invocations=40 (full 0):
 garbage-first heap   total 135168K, used 112275K [0x0000000080000000, 0x0000000100000000)
  region size 1024K, 38 young (38912K), 6 survivors (6144K)
 Metaspace       used 100355K, committed 102400K, reserved 1179648K
  class space    used 13899K, committed 14912K, reserved 1048576K
}
Event: 83.062 GC heap after
{Heap after GC invocations=41 (full 0):
 garbage-first heap   total 135168K, used 80734K [0x0000000080000000, 0x0000000100000000)
  region size 1024K, 4 young (4096K), 4 survivors (4096K)
 Metaspace       used 100355K, committed 102400K, reserved 1179648K
  class space    used 13899K, committed 14912K, reserved 1048576K
}
Event: 85.231 GC heap before
{Heap before GC invocations=41 (full 0):
 garbage-first heap   total 135168K, used 122718K [0x0000000080000000, 0x0000000100000000)
  region size 1024K, 45 young (46080K), 4 survivors (4096K)
 Metaspace       used 103821K, committed 105856K, reserved 1179648K
  class space    used 14346K, committed 15360K, reserved 1048576K
}
Event: 85.249 GC heap after
{Heap after GC invocations=42 (full 0):
 garbage-first heap   total 135168K, used 83448K [0x0000000080000000, 0x0000000100000000)
  region size 1024K, 5 young (5120K), 5 survivors (5120K)
 Metaspace       used 103821K, committed 105856K, reserved 1179648K
  class space    used 14346K, committed 15360K, reserved 1048576K
}
Event: 88.699 GC heap before
{Heap before GC invocations=42 (full 0):
 garbage-first heap   total 135168K, used 120312K [0x0000000080000000, 0x0000000100000000)
  region size 1024K, 42 young (43008K), 5 survivors (5120K)
 Metaspace       used 106179K, committed 108224K, reserved 1179648K
  class space    used 14736K, committed 15744K, reserved 1048576K
}
Event: 88.715 GC heap after
{Heap after GC invocations=43 (full 0):
 garbage-first heap   total 135168K, used 87311K [0x0000000080000000, 0x0000000100000000)
  region size 1024K, 4 young (4096K), 4 survivors (4096K)
 Metaspace       used 106179K, committed 108224K, reserved 1179648K
  class space    used 14736K, committed 15744K, reserved 1048576K
}
Event: 91.487 GC heap before
{Heap before GC invocations=44 (full 0):
 garbage-first heap   total 148480K, used 126223K [0x0000000080000000, 0x0000000100000000)
  region size 1024K, 38 young (38912K), 4 survivors (4096K)
 Metaspace       used 107809K, committed 109888K, reserved 1179648K
  class space    used 14894K, committed 15936K, reserved 1048576K
}
Event: 91.499 GC heap after
{Heap after GC invocations=45 (full 0):
 garbage-first heap   total 148480K, used 89692K [0x0000000080000000, 0x0000000100000000)
  region size 1024K, 4 young (4096K), 4 survivors (4096K)
 Metaspace       used 107809K, committed 109888K, reserved 1179648K
  class space    used 14894K, committed 15936K, reserved 1048576K
}

Dll operation events (3 events):
Event: 0.147 Loaded shared library C:\Program Files\Android\Android Studio\jbr\bin\java.dll
Event: 0.167 Loaded shared library C:\Program Files\Android\Android Studio\jbr\bin\zip.dll
Event: 1.740 Loaded shared library C:\Program Files\Android\Android Studio\jbr\bin\verify.dll

Deoptimization events (20 events):
Event: 91.875 Thread 0x000002410b9a8c50 Uncommon trap: trap_request=0xffffff45 fr.pc=0x00000241768d0228 relative=0x00000000000006a8
Event: 91.875 Thread 0x000002410b9a8c50 Uncommon trap: reason=unstable_if action=reinterpret pc=0x00000241768d0228 method=java.lang.Character.isSurrogate(C)Z @ 3 c2
Event: 91.875 Thread 0x000002410b9a8c50 DEOPT PACKING pc=0x00000241768d0228 sp=0x000000d0237fa710
Event: 91.875 Thread 0x000002410b9a8c50 DEOPT UNPACKING pc=0x00000241760846a2 sp=0x000000d0237fa608 mode 2
Event: 91.875 Thread 0x000002410b9a8c50 Uncommon trap: trap_request=0xffffff45 fr.pc=0x00000241768c4764 relative=0x0000000000000044
Event: 91.875 Thread 0x000002410b9a8c50 Uncommon trap: reason=unstable_if action=reinterpret pc=0x00000241768c4764 method=java.lang.Character.isSurrogate(C)Z @ 3 c2
Event: 91.875 Thread 0x000002410b9a8c50 DEOPT PACKING pc=0x00000241768c4764 sp=0x000000d0237fa670
Event: 91.875 Thread 0x000002410b9a8c50 DEOPT UNPACKING pc=0x00000241760846a2 sp=0x000000d0237fa608 mode 2
Event: 91.889 Thread 0x000002410b9a8c50 Uncommon trap: trap_request=0xffffff45 fr.pc=0x0000024176bfff20 relative=0x0000000000000d00
Event: 91.889 Thread 0x000002410b9a8c50 Uncommon trap: reason=unstable_if action=reinterpret pc=0x0000024176bfff20 method=com.sun.org.apache.xerces.internal.impl.XMLEntityScanner.scanContent(Lcom/sun/org/apache/xerces/internal/xni/XMLString;)I @ 44 c2
Event: 91.889 Thread 0x000002410b9a8c50 DEOPT PACKING pc=0x0000024176bfff20 sp=0x000000d0237faf60
Event: 91.889 Thread 0x000002410b9a8c50 DEOPT UNPACKING pc=0x00000241760846a2 sp=0x000000d0237faeb0 mode 2
Event: 91.930 Thread 0x000002410b9a8c50 Uncommon trap: trap_request=0xffffffde fr.pc=0x0000024176bf9928 relative=0x00000000000000e8
Event: 91.930 Thread 0x000002410b9a8c50 Uncommon trap: reason=class_check action=maybe_recompile pc=0x0000024176bf9928 method=com.sun.org.apache.xerces.internal.impl.XMLDocumentScannerImpl.next()I @ 4 c2
Event: 91.930 Thread 0x000002410b9a8c50 DEOPT PACKING pc=0x0000024176bf9928 sp=0x000000d0237fafb0
Event: 91.930 Thread 0x000002410b9a8c50 DEOPT UNPACKING pc=0x00000241760846a2 sp=0x000000d0237faef0 mode 2
Event: 91.930 Thread 0x000002410b9a8c50 Uncommon trap: trap_request=0xffffff45 fr.pc=0x0000024176bfac10 relative=0x0000000000000070
Event: 91.930 Thread 0x000002410b9a8c50 Uncommon trap: reason=unstable_if action=reinterpret pc=0x0000024176bfac10 method=com.sun.org.apache.xerces.internal.util.AugmentationsImpl$SmallContainer.clear()V @ 9 c2
Event: 91.930 Thread 0x000002410b9a8c50 DEOPT PACKING pc=0x0000024176bfac10 sp=0x000000d0237fad10
Event: 91.930 Thread 0x000002410b9a8c50 DEOPT UNPACKING pc=0x00000241760846a2 sp=0x000000d0237fac98 mode 2

Classes loaded (20 events):
Event: 91.657 Loading class org/w3c/dom/ElementTraversal done
Event: 91.657 Loading class com/sun/org/apache/xerces/internal/dom/ElementImpl done
Event: 91.657 Loading class com/sun/org/apache/xerces/internal/dom/NodeListCache
Event: 91.657 Loading class com/sun/org/apache/xerces/internal/dom/NodeListCache done
Event: 91.658 Loading class com/sun/org/apache/xerces/internal/dom/DeferredDocumentImpl$RefCount
Event: 91.658 Loading class com/sun/org/apache/xerces/internal/dom/DeferredDocumentImpl$RefCount done
Event: 91.930 Loading class com/sun/org/apache/xerces/internal/dom/DeferredElementNSImpl
Event: 91.931 Loading class com/sun/org/apache/xerces/internal/dom/ElementNSImpl
Event: 91.931 Loading class com/sun/org/apache/xerces/internal/dom/ElementNSImpl done
Event: 91.933 Loading class com/sun/org/apache/xerces/internal/dom/DeferredElementNSImpl done
Event: 91.935 Loading class com/sun/org/apache/xerces/internal/dom/AttributeMap
Event: 91.935 Loading class com/sun/org/apache/xerces/internal/dom/NamedNodeMapImpl
Event: 91.935 Loading class com/sun/org/apache/xerces/internal/dom/NamedNodeMapImpl done
Event: 91.935 Loading class com/sun/org/apache/xerces/internal/dom/AttributeMap done
Event: 91.935 Loading class com/sun/org/apache/xerces/internal/dom/DeferredAttrNSImpl
Event: 91.936 Loading class com/sun/org/apache/xerces/internal/dom/AttrNSImpl
Event: 91.936 Loading class com/sun/org/apache/xerces/internal/dom/AttrImpl
Event: 91.936 Loading class com/sun/org/apache/xerces/internal/dom/AttrImpl done
Event: 91.936 Loading class com/sun/org/apache/xerces/internal/dom/AttrNSImpl done
Event: 91.936 Loading class com/sun/org/apache/xerces/internal/dom/DeferredAttrNSImpl done

Classes unloaded (0 events):
No events

Classes redefined (0 events):
No events

Internal exceptions (20 events):
Event: 85.363 Thread 0x000002410b9a78a0 Exception <a 'java/lang/NoSuchMethodError'{0x000000008db30fd8}: 'java.lang.Object java.lang.invoke.DirectMethodHandle$Holder.newInvokeSpecial(java.lang.Object, java.lang.Object, int, java.lang.Object, java.lang.Object)'> (0x000000008db30fd8) 
thrown [s\src\hotspot\share\interpreter\linkResolver.cpp, line 784]
Event: 85.432 Thread 0x000002410b9a78a0 Exception <a 'java/lang/NoSuchMethodError'{0x000000008d8362c8}: 'java.lang.Object java.lang.invoke.DirectMethodHandle$Holder.invokeVirtual(java.lang.Object, java.lang.Object, java.lang.Object, java.lang.Object, java.lang.Object, java.lang.Object, java.lang.Object, java.lang.Object, java.lang.Object, java.lang.Object, java.lang.Object, java.lang.Object, java.lang.Object, java.lang.Object, java.lang.Object, java.lang.Object, java.lang.Object, java.lang.Object, java.lang.Object)'> (0x000000008d8362c8) 
thrown
Event: 85.446 Thread 0x0000024108656f80 Exception <a 'java/lang/NoSuchMethodError'{0x000000008d728460}: static Lorg/gradle/internal/build/event/types/DefaultTaskStartedProgressEvent;.<clinit>()V> (0x000000008d728460) 
thrown [s\src\hotspot\share\prims\jni.cpp, line 1126]
Event: 85.447 Thread 0x0000024108656f80 Exception <a 'java/lang/NoSuchMethodError'{0x000000008d733908}: static Lorg/gradle/internal/build/event/types/DefaultTaskDescriptor;.<clinit>()V> (0x000000008d733908) 
thrown [s\src\hotspot\share\prims\jni.cpp, line 1126]
Event: 85.463 Thread 0x0000024108656f80 Exception <a 'java/lang/NoSuchMethodError'{0x000000008d767220}: static Lorg/gradle/internal/build/event/types/DefaultTaskFinishedProgressEvent;.<clinit>()V> (0x000000008d767220) 
thrown [s\src\hotspot\share\prims\jni.cpp, line 1126]
Event: 85.465 Thread 0x0000024108656f80 Exception <a 'java/lang/NoSuchMethodError'{0x000000008d7cd9b0}: static Lorg/gradle/internal/build/event/types/DefaultTaskSuccessResult;.<clinit>()V> (0x000000008d7cd9b0) 
thrown [s\src\hotspot\share\prims\jni.cpp, line 1126]
Event: 85.465 Thread 0x0000024108656f80 Exception <a 'java/lang/NoSuchMethodError'{0x000000008d7cf0e8}: static Lorg/gradle/internal/build/event/types/AbstractTaskResult;.<clinit>()V> (0x000000008d7cf0e8) 
thrown [s\src\hotspot\share\prims\jni.cpp, line 1126]
Event: 85.496 Thread 0x000002410c5d9070 Exception <a 'java/lang/NoSuchMethodError'{0x000000008d6bc350}: static Lcom/android/buildanalyzer/common/AndroidGradlePluginAttributionData$BuildInfo;.<clinit>()V> (0x000000008d6bc350) 
thrown [s\src\hotspot\share\prims\jni.cpp, line 1126]
Event: 85.500 Thread 0x000002410c5d9070 Exception <a 'java/lang/NoSuchMethodError'{0x000000008d6f4520}: static Lcom/android/buildanalyzer/common/AndroidGradlePluginAttributionData$JavaInfo;.<clinit>()V> (0x000000008d6f4520) 
thrown [s\src\hotspot\share\prims\jni.cpp, line 1126]
Event: 85.507 Thread 0x000002410c5d9070 Exception <a 'java/lang/NoSuchMethodError'{0x000000008d54c188}: static [Ljava/lang/String;.<clinit>()V> (0x000000008d54c188) 
thrown [s\src\hotspot\share\prims\jni.cpp, line 1126]
Event: 85.509 Thread 0x000002410c5d9070 Exception <a 'java/lang/NoSuchMethodError'{0x000000008d55b108}: static Lcom/android/buildanalyzer/common/AndroidGradlePluginAttributionData$TaskInfo;.<clinit>()V> (0x000000008d55b108) 
thrown [s\src\hotspot\share\prims\jni.cpp, line 1126]
Event: 85.510 Thread 0x000002410c5d9070 Exception <a 'java/lang/NoSuchMethodError'{0x000000008d5681a0}: static Lcom/android/buildanalyzer/common/AndroidGradlePluginAttributionData$TaskCategoryInfo;.<clinit>()V> (0x000000008d5681a0) 
thrown [s\src\hotspot\share\prims\jni.cpp, line 1126]
Event: 85.604 Thread 0x000002410b9a8c50 Exception <a 'sun/nio/fs/WindowsException'{0x000000008d5e4ab8}> (0x000000008d5e4ab8) 
thrown [s\src\hotspot\share\prims\jni.cpp, line 535]
Event: 85.765 Thread 0x0000024108656f80 Exception <a 'java/lang/NoSuchMethodError'{0x000000008d35dab8}: static Lorg/gradle/internal/build/event/types/DefaultTaskSkippedResult;.<clinit>()V> (0x000000008d35dab8) 
thrown [s\src\hotspot\share\prims\jni.cpp, line 1126]
Event: 85.786 Thread 0x000002410b9a8c50 Exception <a 'java/lang/IncompatibleClassChangeError'{0x000000008d3b9908}: Found class java.lang.Object, but interface was expected> (0x000000008d3b9908) 
thrown [s\src\hotspot\share\interpreter\linkResolver.cpp, line 851]
Event: 85.811 Thread 0x000002410b9a8c50 Exception <a 'java/lang/NoSuchMethodError'{0x00000000872b7320}: 'int java.lang.invoke.DirectMethodHandle$Holder.invokeStaticInit(java.lang.Object, java.lang.Object, java.lang.Object, java.lang.Object, java.lang.Object)'> (0x00000000872b7320) 
thrown [s\src\hotspot\share\interpreter\linkResolver.cpp, line 784]
Event: 86.205 Thread 0x000002410b9a8c50 Exception <a 'java/lang/NoSuchMethodError'{0x0000000086f478f0}: 'int java.lang.invoke.DirectMethodHandle$Holder.invokeSpecial(java.lang.Object, java.lang.Object, int)'> (0x0000000086f478f0) 
thrown [s\src\hotspot\share\interpreter\linkResolver.cpp, line 784]
Event: 90.831 Thread 0x000002410b9a8c50 Exception <a 'sun/nio/fs/WindowsException'{0x00000000873780b0}> (0x00000000873780b0) 
thrown [s\src\hotspot\share\prims\jni.cpp, line 535]
Event: 91.050 Thread 0x000002410b9a8c50 Exception <a 'sun/nio/fs/WindowsException'{0x00000000871ea700}> (0x00000000871ea700) 
thrown [s\src\hotspot\share\prims\jni.cpp, line 535]
Event: 91.054 Thread 0x000002410b9a8c50 Exception <a 'sun/nio/fs/WindowsException'{0x00000000871f34f0}> (0x00000000871f34f0) 
thrown [s\src\hotspot\share\prims\jni.cpp, line 535]

ZGC Phase Switch (0 events):
No events

VM Operations (20 events):
Event: 88.845 Executing VM operation: G1PauseCleanup
Event: 88.845 Executing VM operation: G1PauseCleanup done
Event: 89.849 Executing VM operation: Cleanup
Event: 89.849 Executing VM operation: Cleanup done
Event: 90.527 Executing VM operation: HandshakeAllThreads (Deoptimize)
Event: 90.527 Executing VM operation: HandshakeAllThreads (Deoptimize) done
Event: 90.955 Executing VM operation: HandshakeAllThreads (Deoptimize)
Event: 90.955 Executing VM operation: HandshakeAllThreads (Deoptimize) done
Event: 90.955 Executing VM operation: Cleanup
Event: 90.955 Executing VM operation: Cleanup done
Event: 90.974 Executing VM operation: HandshakeAllThreads (Deoptimize)
Event: 90.975 Executing VM operation: HandshakeAllThreads (Deoptimize) done
Event: 90.976 Executing VM operation: HandshakeAllThreads (Deoptimize)
Event: 90.976 Executing VM operation: HandshakeAllThreads (Deoptimize) done
Event: 91.487 Executing VM operation: G1CollectForAllocation (G1 Evacuation Pause)
Event: 91.499 Executing VM operation: G1CollectForAllocation (G1 Evacuation Pause) done
Event: 91.932 Executing VM operation: HandshakeAllThreads (Deoptimize)
Event: 91.933 Executing VM operation: HandshakeAllThreads (Deoptimize) done
Event: 91.934 Executing VM operation: HandshakeAllThreads (Deoptimize)
Event: 91.934 Executing VM operation: HandshakeAllThreads (Deoptimize) done

Events (20 events):
Event: 88.807 Thread 0x000002417edf1cc0 flushing nmethod 0x00000241766e4490
Event: 88.807 Thread 0x000002417edf1cc0 flushing nmethod 0x00000241766e2f90
Event: 88.807 Thread 0x000002417edf1cc0 flushing nmethod 0x00000241766d2c10
Event: 88.807 Thread 0x000002417edf1cc0 flushing nmethod 0x0000024176666190
Event: 88.807 Thread 0x000002417edf1cc0 flushing nmethod 0x0000024176686710
Event: 88.807 Thread 0x000002417edf1cc0 flushing nmethod 0x00000241766ab010
Event: 88.807 Thread 0x000002417edf1cc0 flushing nmethod 0x000002417669be10
Event: 88.807 Thread 0x000002417edf1cc0 flushing nmethod 0x0000024176628310
Event: 88.807 Thread 0x000002417edf1cc0 flushing nmethod 0x0000024176626910
Event: 88.807 Thread 0x000002417edf1cc0 flushing nmethod 0x00000241765eae10
Event: 89.207 Thread 0x000002410a830160 Thread added: 0x000002410a830160
Event: 90.224 Thread 0x000002410a830160 Thread exited: 0x000002410a830160
Event: 90.357 Thread 0x000002410b52d6f0 Thread added: 0x000002410b52d6f0
Event: 90.357 Thread 0x000002410b529550 Thread added: 0x000002410b529550
Event: 90.358 Thread 0x000002410b52eaa0 Thread added: 0x000002410b52eaa0
Event: 90.358 Thread 0x000002410b52c340 Thread added: 0x000002410b52c340
Event: 90.359 Thread 0x000002410b52f130 Thread added: 0x000002410b52f130
Event: 90.360 Thread 0x000002410a82cae0 Thread added: 0x000002410a82cae0
Event: 90.502 Thread 0x000002410a82cae0 Thread exited: 0x000002410a82cae0
Event: 91.720 Thread 0x000002410a82cae0 Thread added: 0x000002410a82cae0


Dynamic libraries:
0x00007ff6ef270000 - 0x00007ff6ef27a000 	C:\Program Files\Android\Android Studio\jbr\bin\java.exe
0x00007ffda1fb0000 - 0x00007ffda21a6000 	C:\windows\SYSTEM32\ntdll.dll
0x00007ffda1e20000 - 0x00007ffda1edd000 	C:\windows\System32\KERNEL32.DLL
0x00007ffd9fbc0000 - 0x00007ffd9fe89000 	C:\windows\System32\KERNELBASE.dll
0x00007ffd9fe90000 - 0x00007ffd9ff90000 	C:\windows\System32\ucrtbase.dll
0x00007ffd84f80000 - 0x00007ffd84f9b000 	C:\Program Files\Android\Android Studio\jbr\bin\VCRUNTIME140.dll
0x00007ffd70d40000 - 0x00007ffd70d58000 	C:\Program Files\Android\Android Studio\jbr\bin\jli.dll
0x00007ffda0230000 - 0x00007ffda03d0000 	C:\windows\System32\USER32.dll
0x00007ffd9f6f0000 - 0x00007ffd9f712000 	C:\windows\System32\win32u.dll
0x00007ffda03d0000 - 0x00007ffda03fa000 	C:\windows\System32\GDI32.dll
0x00007ffd9f850000 - 0x00007ffd9f959000 	C:\windows\System32\gdi32full.dll
0x00007ffd9fb20000 - 0x00007ffd9fbbd000 	C:\windows\System32\msvcp_win.dll
0x00007ffd9e9c0000 - 0x00007ffd9ec5b000 	C:\windows\WinSxS\amd64_microsoft.windows.common-controls_6595b64144ccf1df_6.0.19041.488_none_ca04af081b815d21\COMCTL32.dll
0x00007ffda0190000 - 0x00007ffda022e000 	C:\windows\System32\msvcrt.dll
0x00007ffda04f0000 - 0x00007ffda0520000 	C:\windows\System32\IMM32.DLL
0x00007ffd96f60000 - 0x00007ffd96f6c000 	C:\Program Files\Android\Android Studio\jbr\bin\vcruntime140_1.dll
0x00007ffd68610000 - 0x00007ffd6869d000 	C:\Program Files\Android\Android Studio\jbr\bin\msvcp140.dll
0x00007ffd50f10000 - 0x00007ffd51b8d000 	C:\Program Files\Android\Android Studio\jbr\bin\server\jvm.dll
0x00007ffda1940000 - 0x00007ffda19ec000 	C:\windows\System32\ADVAPI32.dll
0x00007ffda19f0000 - 0x00007ffda1a8c000 	C:\windows\System32\sechost.dll
0x00007ffda1cf0000 - 0x00007ffda1e1b000 	C:\windows\System32\RPCRT4.dll
0x00007ffda1a90000 - 0x00007ffda1afb000 	C:\windows\System32\WS2_32.dll
0x00007ffd9f4a0000 - 0x00007ffd9f4eb000 	C:\windows\SYSTEM32\POWRPROF.dll
0x00007ffd96bc0000 - 0x00007ffd96be7000 	C:\windows\SYSTEM32\WINMM.dll
0x00007ffd9c620000 - 0x00007ffd9c62a000 	C:\windows\SYSTEM32\VERSION.dll
0x00007ffd9f480000 - 0x00007ffd9f492000 	C:\windows\SYSTEM32\UMPDC.dll
0x00007ffd9c900000 - 0x00007ffd9c912000 	C:\windows\SYSTEM32\kernel.appcore.dll
0x00007ffd8b870000 - 0x00007ffd8b87a000 	C:\Program Files\Android\Android Studio\jbr\bin\jimage.dll
0x00007ffd9f0a0000 - 0x00007ffd9f284000 	C:\windows\SYSTEM32\DBGHELP.DLL
0x00007ffd9eff0000 - 0x00007ffd9f01c000 	C:\windows\SYSTEM32\dbgcore.DLL
0x00007ffd9ff90000 - 0x00007ffda0010000 	C:\windows\System32\bcryptPrimitives.dll
0x00007ffd8b5a0000 - 0x00007ffd8b5ae000 	C:\Program Files\Android\Android Studio\jbr\bin\instrument.dll
0x00007ffd7a220000 - 0x00007ffd7a23f000 	C:\Program Files\Android\Android Studio\jbr\bin\java.dll
0x00007ffd79820000 - 0x00007ffd79838000 	C:\Program Files\Android\Android Studio\jbr\bin\zip.dll
0x00007ffda1110000 - 0x00007ffda1852000 	C:\windows\System32\SHELL32.dll
0x00007ffd9ca70000 - 0x00007ffd9d205000 	C:\windows\SYSTEM32\windows.storage.dll
0x00007ffda0830000 - 0x00007ffda0b86000 	C:\windows\System32\combase.dll
0x00007ffd9ecb0000 - 0x00007ffd9ecdc000 	C:\windows\SYSTEM32\Wldp.dll
0x00007ffda0520000 - 0x00007ffda05ce000 	C:\windows\System32\SHCORE.dll
0x00007ffda1b00000 - 0x00007ffda1b55000 	C:\windows\System32\shlwapi.dll
0x00007ffd9f620000 - 0x00007ffd9f646000 	C:\windows\SYSTEM32\profapi.dll
0x00007ffd8b6b0000 - 0x00007ffd8b6c0000 	C:\Program Files\Android\Android Studio\jbr\bin\net.dll
0x00007ffd8f120000 - 0x00007ffd8f220000 	C:\windows\SYSTEM32\WINHTTP.dll
0x00007ffd9e7b0000 - 0x00007ffd9e81a000 	C:\windows\system32\mswsock.dll
0x00007ffd79340000 - 0x00007ffd79356000 	C:\Program Files\Android\Android Studio\jbr\bin\nio.dll
0x00007ffd97c50000 - 0x00007ffd97c60000 	C:\Program Files\Android\Android Studio\jbr\bin\verify.dll
0x00007ffd72e90000 - 0x00007ffd72eb7000 	C:\Users\hp\.gradle\native\c067742578af261105cb4f569cf0c3c89f3d7b1fecec35dd04571415982c5e48\windows-amd64\native-platform.dll
0x00007ffd68410000 - 0x00007ffd68554000 	C:\Users\hp\.gradle\native\100fb08df4bc3b14c8652ba06237920a3bd2aa13389f12d3474272988ae205f9\windows-amd64\native-platform-file-events.dll
0x00007ffd8a2b0000 - 0x00007ffd8a2b9000 	C:\Program Files\Android\Android Studio\jbr\bin\management.dll
0x00007ffd89d70000 - 0x00007ffd89d7b000 	C:\Program Files\Android\Android Studio\jbr\bin\management_ext.dll
0x00007ffda0c20000 - 0x00007ffda0c28000 	C:\windows\System32\PSAPI.DLL
0x00007ffd9f3b0000 - 0x00007ffd9f3c8000 	C:\windows\SYSTEM32\CRYPTSP.dll
0x00007ffd9e140000 - 0x00007ffd9e174000 	C:\windows\system32\rsaenh.dll
0x00007ffd9f820000 - 0x00007ffd9f847000 	C:\windows\System32\bcrypt.dll
0x00007ffd9f5a0000 - 0x00007ffd9f5ce000 	C:\windows\SYSTEM32\USERENV.dll
0x00007ffd9e980000 - 0x00007ffd9e98c000 	C:\windows\SYSTEM32\CRYPTBASE.dll
0x00007ffd9e4a0000 - 0x00007ffd9e4db000 	C:\windows\SYSTEM32\IPHLPAPI.DLL
0x00007ffda0b90000 - 0x00007ffda0b98000 	C:\windows\System32\NSI.dll
0x00007ffd8add0000 - 0x00007ffd8add9000 	C:\Program Files\Android\Android Studio\jbr\bin\extnet.dll
0x00007ffd8afe0000 - 0x00007ffd8afe7000 	C:\windows\system32\wshunix.dll
0x00007ffd9e4e0000 - 0x00007ffd9e5ab000 	C:\windows\SYSTEM32\DNSAPI.dll
0x00007ffd87270000 - 0x00007ffd8727a000 	C:\Windows\System32\rasadhlp.dll
0x00007ffd87310000 - 0x00007ffd8738f000 	C:\windows\System32\fwpuclnt.dll

dbghelp: loaded successfully - version: 4.0.5 - missing functions: none
symbol engine: initialized successfully - sym options: 0x614 - pdb path: .;C:\Program Files\Android\Android Studio\jbr\bin;C:\windows\SYSTEM32;C:\windows\WinSxS\amd64_microsoft.windows.common-controls_6595b64144ccf1df_6.0.19041.488_none_ca04af081b815d21;C:\Program Files\Android\Android Studio\jbr\bin\server;C:\Users\hp\.gradle\native\c067742578af261105cb4f569cf0c3c89f3d7b1fecec35dd04571415982c5e48\windows-amd64;C:\Users\hp\.gradle\native\100fb08df4bc3b14c8652ba06237920a3bd2aa13389f12d3474272988ae205f9\windows-amd64

VM Arguments:
jvm_args: --add-opens=java.base/java.util=ALL-UNNAMED --add-opens=java.base/java.lang=ALL-UNNAMED --add-opens=java.base/java.lang.invoke=ALL-UNNAMED --add-opens=java.prefs/java.util.prefs=ALL-UNNAMED --add-exports=jdk.compiler/com.sun.tools.javac.api=ALL-UNNAMED --add-exports=jdk.compiler/com.sun.tools.javac.util=ALL-UNNAMED --add-opens=java.base/java.nio.charset=ALL-UNNAMED --add-opens=java.base/java.net=ALL-UNNAMED --add-opens=java.base/java.util.concurrent.atomic=ALL-UNNAMED -Xmx2048m -Dfile.encoding=UTF-8 -Duser.country=IN -Duser.language=en -Duser.variant -javaagent:C:\Users\hp\.gradle\wrapper\dists\gradle-8.9-bin\90cnw93cvbtalezasaz0blq0a\gradle-8.9\lib\agents\gradle-instrumentation-agent-8.9.jar 
java_command: org.gradle.launcher.daemon.bootstrap.GradleDaemon 8.9
java_class_path (initial): C:\Users\hp\.gradle\wrapper\dists\gradle-8.9-bin\90cnw93cvbtalezasaz0blq0a\gradle-8.9\lib\gradle-daemon-main-8.9.jar
Launcher Type: SUN_STANDARD

[Global flags]
     intx CICompilerCount                          = 3                                         {product} {ergonomic}
     uint ConcGCThreads                            = 2                                         {product} {ergonomic}
     uint G1ConcRefinementThreads                  = 6                                         {product} {ergonomic}
   size_t G1HeapRegionSize                         = 1048576                                   {product} {ergonomic}
    uintx GCDrainStackTargetSize                   = 64                                        {product} {ergonomic}
   size_t InitialHeapSize                          = 260046848                                 {product} {ergonomic}
   size_t MarkStackSize                            = 4194304                                   {product} {ergonomic}
   size_t MaxHeapSize                              = 2147483648                                {product} {command line}
   size_t MaxNewSize                               = 1287651328                                {product} {ergonomic}
   size_t MinHeapDeltaBytes                        = 1048576                                   {product} {ergonomic}
   size_t MinHeapSize                              = 8388608                                   {product} {ergonomic}
    uintx NonNMethodCodeHeapSize                   = 5832780                                {pd product} {ergonomic}
    uintx NonProfiledCodeHeapSize                  = 122912730                              {pd product} {ergonomic}
    uintx ProfiledCodeHeapSize                     = 122912730                              {pd product} {ergonomic}
    uintx ReservedCodeCacheSize                    = 251658240                              {pd product} {ergonomic}
     bool SegmentedCodeCache                       = true                                      {product} {ergonomic}
   size_t SoftMaxHeapSize                          = 2147483648                             {manageable} {ergonomic}
     bool UseCompressedOops                        = true                           {product lp64_product} {ergonomic}
     bool UseG1GC                                  = true                                      {product} {ergonomic}
     bool UseLargePagesIndividualAllocation        = false                                  {pd product} {ergonomic}

Logging:
Log output configuration:
 #0: stdout all=warning uptime,level,tags foldmultilines=false
 #1: stderr all=off uptime,level,tags foldmultilines=false

Environment Variables:
PATH=C:\windows\system32;C:\windows;C:\windows\System32\Wbem;C:\windows\System32\WindowsPowerShell\v1.0\;C:\windows\System32\OpenSSH\;C:\Program Files (x86)\AOMEI\AOMEI Backupper\6.5.1(1);C:\Program Files\Git\cmd;C:\Users\hp\AppData\Local\Microsoft\WindowsApps;
USERNAME=hp
OS=Windows_NT
PROCESSOR_IDENTIFIER=AMD64 Family 23 Model 96 Stepping 1, AuthenticAMD
TMP=C:\Users\hp\AppData\Local\Temp
TEMP=C:\Users\hp\AppData\Local\Temp




Periodic native trim disabled

JNI global refs:
JNI global refs: 27, weak refs: 0

JNI global refs memory usage: 835, weak refs: 833

Process memory usage:
Resident Set Size: 419136K (2% of 16151864K total physical memory with 3363460K free physical memory)

OOME stack traces (most recent first):
Classloader memory used:
